<?xml version="1.0" encoding="UTF-8"?>
<!-- Generated by org.testng.reporters.JUnitXMLReporter -->
<testsuite ignored="0" hostname="Legion" failures="1" tests="2" name="Test" time="19.537" errors="0" timestamp="2025-02-07T23:16:22 IST">
  <testcase classname="testCases.TC001_AccountRegistrationTest" name="verify_account_registration" time="1.647"/>
  <testcase classname="testCases.TC002LoginPage" name="verifylogintest" time="11.295">
    <failure type="java.lang.AssertionError" message="expected [true] but found [false]">
      <![CDATA[java.lang.AssertionError: expected [true] but found [false]
at testCases.TC002LoginPage.verifylogintest(TC002LoginPage.java:33)
at java.base/java.util.ArrayList.forEach(ArrayList.java:1597)
... Removed 29 stack frames]]>
    </failure>
  </testcase> <!-- verifylogintest -->
</testsuite> <!-- Test -->
